<?xml version="1.0" encoding="utf-8"?>
<TestRun id="6b45cd84-c2d2-4ade-a426-7e4f1c35f54b" name="mujee@LAPTOP-D8KES1NV 2023-01-28 14:30:04" runUser="LAPTOP-D8KES1NV\mujee" xmlns="http://microsoft.com/schemas/VisualStudio/TeamTest/2010">
  <Times creation="2023-01-28T14:30:04.3891387+05:00" queuing="2023-01-28T14:30:04.3891387+05:00" start="2023-01-28T14:29:45.6565286+05:00" finish="2023-01-28T14:30:28.5080257+05:00" />
  <TestSettings name="default" id="5eb55022-98d0-4ec7-b7e1-139cc21cf091">
    <Deployment runDeploymentRoot="mujee_LAPTOP-D8KES1NV_2023-01-28_14_30_04" />
  </TestSettings>
  <Results>
    <UnitTestResult executionId="3c7484a9-60e9-4ed9-9295-940cb2f22d21" testId="caaeb259-5d78-4eef-857b-25f9a4b3eb13" testName="LoginTCInvalid_001 (Data Row 0)" computerName="LAPTOP-D8KES1NV" duration="00:00:18.1959661" startTime="2023-01-28T14:29:46.0254384+05:00" endTime="2023-01-28T14:30:04.3566886+05:00" testType="13cdc9d9-ddb5-4fa4-a97d-d965ccfc6d4b" outcome="Passed" testListId="8c84fa94-04c1-424b-9868-57a2d4851a1d" relativeResultsDirectory="3c7484a9-60e9-4ed9-9295-940cb2f22d21" />
    <UnitTestResult executionId="93278363-910c-4bc2-aad0-cb682ab99421" testId="011b1738-f905-4dbc-91d3-aa6ca42542e9" testName="AddProductTC_001" computerName="LAPTOP-D8KES1NV" duration="00:00:18.9945326" startTime="2023-01-28T14:30:06.9456289+05:00" endTime="2023-01-28T14:30:25.9402471+05:00" testType="13cdc9d9-ddb5-4fa4-a97d-d965ccfc6d4b" outcome="Passed" testListId="8c84fa94-04c1-424b-9868-57a2d4851a1d" relativeResultsDirectory="93278363-910c-4bc2-aad0-cb682ab99421" />
    <UnitTestResult executionId="a0b3cf34-dff4-4bba-af53-f223f100d4c2" testId="1b6787b1-9e7f-44d6-97a5-8e4d011430ea" testName="CheckOutTC_001" computerName="LAPTOP-D8KES1NV" duration="00:00:02.4719378" startTime="2023-01-28T14:30:25.9402471+05:00" endTime="2023-01-28T14:30:28.4122503+05:00" testType="13cdc9d9-ddb5-4fa4-a97d-d965ccfc6d4b" outcome="Failed" testListId="8c84fa94-04c1-424b-9868-57a2d4851a1d" relativeResultsDirectory="a0b3cf34-dff4-4bba-af53-f223f100d4c2">
      <Output>
        <ErrorInfo>
          <Message>Test method FinalExam.TestExecution.CheckOutTC_001 threw exception: &#xD;
OpenQA.Selenium.NoSuchElementException: no such element: Unable to locate element: {"method":"css selector","selector":"#finish"}
  (Session info: chrome=109.0.5414.120)</Message>
          <StackTrace>    at OpenQA.Selenium.WebDriver.UnpackAndThrowOnError(Response errorResponse, String commandToExecute)&#xD;
   at OpenQA.Selenium.WebDriver.Execute(String driverCommandToExecute, Dictionary`2 parameters)&#xD;
   at OpenQA.Selenium.WebDriver.FindElement(String mechanism, String value)&#xD;
   at OpenQA.Selenium.By.&lt;.ctor&gt;b__11_0(ISearchContext context)&#xD;
   at OpenQA.Selenium.By.FindElement(ISearchContext context)&#xD;
   at OpenQA.Selenium.WebDriver.FindElement(By by)&#xD;
   at FinalExam.SauceDemo.CheckOut.Checkout.CheckOut() in C:\Users\mujee\source\repos\FinalExam\FinalExam\SauceDemo\CheckOut\Checkout.cs:line 23&#xD;
   at FinalExam.TestExecution.CheckOutTC_001() in C:\Users\mujee\source\repos\FinalExam\FinalExam\SauceDemo\TestExecution.cs:line 64&#xD;
</StackTrace>
        </ErrorInfo>
      </Output>
    </UnitTestResult>
    <UnitTestResult executionId="4f6ab161-49fd-4612-9d85-cff41a232402" testId="cb265a4a-e212-4223-a1d4-e69e8c7f678e" testName="LoginTCValid_002" computerName="LAPTOP-D8KES1NV" duration="00:00:02.5752732" startTime="2023-01-28T14:30:04.3686566+05:00" endTime="2023-01-28T14:30:06.9456289+05:00" testType="13cdc9d9-ddb5-4fa4-a97d-d965ccfc6d4b" outcome="Failed" testListId="8c84fa94-04c1-424b-9868-57a2d4851a1d" relativeResultsDirectory="4f6ab161-49fd-4612-9d85-cff41a232402">
      <Output>
        <ErrorInfo>
          <Message>Test method FinalExam.TestExecution.LoginTCValid_002 threw exception: &#xD;
OpenQA.Selenium.NoSuchElementException: no such element: Unable to locate element: {"method":"css selector","selector":"#finish"}
  (Session info: chrome=109.0.5414.120)</Message>
          <StackTrace>    at OpenQA.Selenium.WebDriver.UnpackAndThrowOnError(Response errorResponse, String commandToExecute)&#xD;
   at OpenQA.Selenium.WebDriver.Execute(String driverCommandToExecute, Dictionary`2 parameters)&#xD;
   at OpenQA.Selenium.WebDriver.FindElement(String mechanism, String value)&#xD;
   at OpenQA.Selenium.By.&lt;.ctor&gt;b__11_0(ISearchContext context)&#xD;
   at OpenQA.Selenium.By.FindElement(ISearchContext context)&#xD;
   at OpenQA.Selenium.WebDriver.FindElement(By by)&#xD;
   at FinalExam.SauceDemo.CheckOut.Checkout.CheckOut() in C:\Users\mujee\source\repos\FinalExam\FinalExam\SauceDemo\CheckOut\Checkout.cs:line 23&#xD;
   at FinalExam.TestExecution.LoginTCValid_002() in C:\Users\mujee\source\repos\FinalExam\FinalExam\SauceDemo\TestExecution.cs:line 44&#xD;
</StackTrace>
        </ErrorInfo>
      </Output>
    </UnitTestResult>
  </Results>
  <TestDefinitions>
    <UnitTest name="AddProductTC_001" storage="c:\users\mujee\source\repos\finalexam\finalexam\bin\debug\finalexam.dll" id="011b1738-f905-4dbc-91d3-aa6ca42542e9">
      <Execution id="93278363-910c-4bc2-aad0-cb682ab99421" />
      <TestMethod codeBase="C:\Users\mujee\source\repos\FinalExam\FinalExam\bin\Debug\FinalExam.dll" adapterTypeName="executor://mstestadapter/v2" className="FinalExam.TestExecution" name="AddProductTC_001" />
    </UnitTest>
    <UnitTest name="CheckOutTC_001" storage="c:\users\mujee\source\repos\finalexam\finalexam\bin\debug\finalexam.dll" id="1b6787b1-9e7f-44d6-97a5-8e4d011430ea">
      <Execution id="a0b3cf34-dff4-4bba-af53-f223f100d4c2" />
      <TestMethod codeBase="C:\Users\mujee\source\repos\FinalExam\FinalExam\bin\Debug\FinalExam.dll" adapterTypeName="executor://mstestadapter/v2" className="FinalExam.TestExecution" name="CheckOutTC_001" />
    </UnitTest>
    <UnitTest name="LoginTCValid_002" storage="c:\users\mujee\source\repos\finalexam\finalexam\bin\debug\finalexam.dll" id="cb265a4a-e212-4223-a1d4-e69e8c7f678e">
      <Execution id="4f6ab161-49fd-4612-9d85-cff41a232402" />
      <TestMethod codeBase="C:\Users\mujee\source\repos\FinalExam\FinalExam\bin\Debug\FinalExam.dll" adapterTypeName="executor://mstestadapter/v2" className="FinalExam.TestExecution" name="LoginTCValid_002" />
    </UnitTest>
    <UnitTest name="LoginTCInvalid_001 (Data Row 0)" storage="c:\users\mujee\source\repos\finalexam\finalexam\bin\debug\finalexam.dll" id="caaeb259-5d78-4eef-857b-25f9a4b3eb13">
      <Execution id="3c7484a9-60e9-4ed9-9295-940cb2f22d21" />
      <TestMethod codeBase="C:\Users\mujee\source\repos\FinalExam\FinalExam\bin\Debug\FinalExam.dll" adapterTypeName="executor://mstestadapter/v2" className="FinalExam.TestExecution" name="LoginTCInvalid_001" />
    </UnitTest>
  </TestDefinitions>
  <TestEntries>
    <TestEntry testId="caaeb259-5d78-4eef-857b-25f9a4b3eb13" executionId="3c7484a9-60e9-4ed9-9295-940cb2f22d21" testListId="8c84fa94-04c1-424b-9868-57a2d4851a1d" />
    <TestEntry testId="011b1738-f905-4dbc-91d3-aa6ca42542e9" executionId="93278363-910c-4bc2-aad0-cb682ab99421" testListId="8c84fa94-04c1-424b-9868-57a2d4851a1d" />
    <TestEntry testId="1b6787b1-9e7f-44d6-97a5-8e4d011430ea" executionId="a0b3cf34-dff4-4bba-af53-f223f100d4c2" testListId="8c84fa94-04c1-424b-9868-57a2d4851a1d" />
    <TestEntry testId="cb265a4a-e212-4223-a1d4-e69e8c7f678e" executionId="4f6ab161-49fd-4612-9d85-cff41a232402" testListId="8c84fa94-04c1-424b-9868-57a2d4851a1d" />
  </TestEntries>
  <TestLists>
    <TestList name="Results Not in a List" id="8c84fa94-04c1-424b-9868-57a2d4851a1d" />
    <TestList name="All Loaded Results" id="19431567-8539-422a-85d7-44ee4e166bda" />
  </TestLists>
  <ResultSummary outcome="Failed">
    <Counters total="4" executed="4" passed="2" failed="2" error="0" timeout="0" aborted="0" inconclusive="0" passedButRunAborted="0" notRunnable="0" notExecuted="0" disconnected="0" warning="0" completed="0" inProgress="0" pending="0" />
  </ResultSummary>
</TestRun>